[2021-09-07 21:04:25] [DEBUG] [ConfiguracionJDBC:20] Instanciando ConfiguracionJDBC con valores por defecto. Driver: H2
[2021-09-07 21:04:25] [DEBUG] [ConfiguracionJDBC:20] Instanciando ConfiguracionJDBC con valores por defecto. Driver: H2
[2021-09-07 21:08:04] [DEBUG] [PacienteService:83] Iniciando método 'consultarTodos()'
[2021-09-07 21:08:31] [DEBUG] [PacienteService:46] Iniciando método 'crear()'
[2021-09-07 21:08:31] [ERROR] [PacienteService:52] Cannot invoke "java.sql.Connection.prepareStatement(String, int)" because "connection" is null
[2021-09-07 21:08:31] [DEBUG] [PacienteService:54] Terminó la ejecución del método 'crear()'
[2021-09-07 21:10:09] [DEBUG] [PacienteService:83] Iniciando método 'consultarTodos()'
[2021-09-07 21:11:58] [DEBUG] [PacienteService:46] Iniciando método 'crear()'
[2021-09-07 21:11:58] [ERROR] [PacienteService:52] Cannot invoke "java.sql.Connection.prepareStatement(String, int)" because "connection" is null
[2021-09-07 21:11:58] [DEBUG] [PacienteService:54] Terminó la ejecución del método 'crear()'
[2021-09-07 21:15:25] [DEBUG] [PacienteService:46] Iniciando método 'crear()'
[2021-09-07 21:15:25] [ERROR] [PacienteService:52] Cannot invoke "java.sql.Connection.prepareStatement(String, int)" because "connection" is null
[2021-09-07 21:15:25] [DEBUG] [PacienteService:54] Terminó la ejecución del método 'crear()'
[2021-09-07 21:37:14] [DEBUG] [PacienteService:46] Iniciando método 'crear()'
[2021-09-07 21:37:14] [ERROR] [PacienteService:52] Cannot invoke "java.sql.Connection.prepareStatement(String, int)" because "connection" is null
[2021-09-07 21:37:14] [DEBUG] [PacienteService:54] Terminó la ejecución del método 'crear()'
[2021-09-07 21:40:46] [DEBUG] [PacienteService:46] Iniciando método 'crear()'
[2021-09-07 21:40:46] [ERROR] [PacienteService:52] class java.util.Date cannot be cast to class java.sql.Date (java.util.Date is in module java.base of loader 'bootstrap'; java.sql.Date is in module java.sql of loader 'platform')
[2021-09-07 21:40:46] [DEBUG] [PacienteService:54] Terminó la ejecución del método 'crear()'
[2021-09-07 21:41:02] [DEBUG] [PacienteService:83] Iniciando método 'consultarTodos()'
[2021-09-07 21:41:02] [DEBUG] [PacienteService:90] Terminó la ejecución del método 'consultarTodos()'
[2021-09-07 21:41:46] [DEBUG] [PacienteService:46] Iniciando método 'crear()'
[2021-09-07 21:41:46] [ERROR] [PacienteService:52] class java.util.Date cannot be cast to class java.sql.Date (java.util.Date is in module java.base of loader 'bootstrap'; java.sql.Date is in module java.sql of loader 'platform')
[2021-09-07 21:41:46] [DEBUG] [PacienteService:54] Terminó la ejecución del método 'crear()'
[2021-09-07 21:47:21] [DEBUG] [PacienteService:47] Iniciando método 'crear()'
[2021-09-07 21:47:21] [ERROR] [PacienteService:53] Cannot invoke "java.lang.Integer.intValue()" because the return value of "com.valva.proyectointegrador.model.Domicilio.getDomicilioID()" is null
[2021-09-07 21:47:21] [DEBUG] [PacienteService:55] Terminó la ejecución del método 'crear()'
[2021-09-07 21:47:25] [DEBUG] [PacienteService:84] Iniciando método 'consultarTodos()'
[2021-09-07 21:47:25] [DEBUG] [PacienteService:91] Terminó la ejecución del método 'consultarTodos()'
[2021-09-07 21:47:30] [DEBUG] [PacienteService:47] Iniciando método 'crear()'
[2021-09-07 21:47:30] [ERROR] [PacienteService:53] Cannot invoke "java.lang.Integer.intValue()" because the return value of "com.valva.proyectointegrador.model.Domicilio.getDomicilioID()" is null
[2021-09-07 21:47:30] [DEBUG] [PacienteService:55] Terminó la ejecución del método 'crear()'
[2021-09-07 21:47:38] [DEBUG] [PacienteService:47] Iniciando método 'crear()'
[2021-09-07 21:47:38] [ERROR] [PacienteService:53] Cannot invoke "java.lang.Integer.intValue()" because the return value of "com.valva.proyectointegrador.model.Domicilio.getDomicilioID()" is null
[2021-09-07 21:47:38] [DEBUG] [PacienteService:55] Terminó la ejecución del método 'crear()'
[2021-09-07 21:53:16] [DEBUG] [PacienteService:47] Iniciando método 'crear()'
[2021-09-07 21:53:16] [ERROR] [PacienteService:53] Cannot invoke "com.valva.proyectointegrador.repository.impl.DomicilioRepositoryH2.insertarNuevo(com.valva.proyectointegrador.model.Domicilio)" because "this.domicilioRepositoryH2" is null
[2021-09-07 21:53:16] [DEBUG] [PacienteService:55] Terminó la ejecución del método 'crear()'
[2021-09-07 21:54:12] [DEBUG] [PacienteService:47] Iniciando método 'crear()'
[2021-09-07 21:54:12] [DEBUG] [DomicilioRepositoryH2:89] Terminó la ejecución del método 'insertarNuevo()' con éxito
[2021-09-07 21:54:12] [DEBUG] [PacienteService:55] Terminó la ejecución del método 'crear()'
[2021-09-07 21:54:18] [DEBUG] [PacienteService:84] Iniciando método 'consultarTodos()'
[2021-09-07 21:54:18] [DEBUG] [PacienteService:91] Terminó la ejecución del método 'consultarTodos()'
[2021-09-07 21:54:38] [DEBUG] [PacienteService:47] Iniciando método 'crear()'
[2021-09-07 21:54:38] [DEBUG] [DomicilioRepositoryH2:89] Terminó la ejecución del método 'insertarNuevo()' con éxito
[2021-09-07 21:54:38] [DEBUG] [PacienteService:55] Terminó la ejecución del método 'crear()'
[2021-09-07 21:54:45] [DEBUG] [PacienteService:84] Iniciando método 'consultarTodos()'
[2021-09-07 21:54:45] [DEBUG] [PacienteService:91] Terminó la ejecución del método 'consultarTodos()'
[2021-09-07 21:58:53] [DEBUG] [PacienteService:47] Iniciando método 'crear()'
[2021-09-07 21:58:54] [DEBUG] [DomicilioRepositoryH2:31] Iniciando método 'consultarPorId()'
[2021-09-07 21:58:54] [ERROR] [PacienteService:53] Cannot invoke "java.lang.Integer.intValue()" because "id" is null
[2021-09-07 21:58:54] [DEBUG] [PacienteService:55] Terminó la ejecución del método 'crear()'
[2021-09-07 22:00:48] [DEBUG] [PacienteService:47] Iniciando método 'crear()'
[2021-09-07 22:00:48] [DEBUG] [DomicilioRepositoryH2:89] Terminó la ejecución del método 'insertarNuevo()' con éxito
[2021-09-07 22:00:48] [DEBUG] [PacienteService:55] Terminó la ejecución del método 'crear()'
[2021-09-07 22:01:08] [DEBUG] [PacienteService:47] Iniciando método 'crear()'
[2021-09-07 22:01:08] [DEBUG] [DomicilioRepositoryH2:31] Iniciando método 'consultarPorId()'
[2021-09-07 22:01:08] [DEBUG] [DomicilioRepositoryH2:47] Terminó la ejecución del método 'consultarPorId()' con éxito
[2021-09-07 22:01:08] [DEBUG] [PacienteService:55] Terminó la ejecución del método 'crear()'
[2021-09-07 22:01:30] [DEBUG] [PacienteService:47] Iniciando método 'crear()'
[2021-09-07 22:01:30] [DEBUG] [DomicilioRepositoryH2:31] Iniciando método 'consultarPorId()'
[2021-09-07 22:01:30] [DEBUG] [DomicilioRepositoryH2:47] Terminó la ejecución del método 'consultarPorId()' con éxito
[2021-09-07 22:01:30] [DEBUG] [PacienteService:55] Terminó la ejecución del método 'crear()'
[2021-09-07 22:01:33] [DEBUG] [PacienteService:84] Iniciando método 'consultarTodos()'
[2021-09-07 22:01:33] [DEBUG] [DomicilioRepositoryH2:31] Iniciando método 'consultarPorId()'
[2021-09-07 22:01:33] [DEBUG] [DomicilioRepositoryH2:47] Terminó la ejecución del método 'consultarPorId()' con éxito
[2021-09-07 22:01:33] [DEBUG] [DomicilioRepositoryH2:31] Iniciando método 'consultarPorId()'
[2021-09-07 22:01:33] [DEBUG] [DomicilioRepositoryH2:47] Terminó la ejecución del método 'consultarPorId()' con éxito
[2021-09-07 22:01:33] [DEBUG] [DomicilioRepositoryH2:31] Iniciando método 'consultarPorId()'
[2021-09-07 22:01:33] [DEBUG] [DomicilioRepositoryH2:47] Terminó la ejecución del método 'consultarPorId()' con éxito
[2021-09-07 22:01:33] [DEBUG] [PacienteService:91] Terminó la ejecución del método 'consultarTodos()'
[2021-09-07 22:02:45] [DEBUG] [OdontologoService:77] Iniciando método 'consultarTodos()'
[2021-09-07 22:02:45] [DEBUG] [OdontologoService:84] Terminó la ejecución del método 'consultarTodos()'
[2021-09-07 22:03:31] [DEBUG] [OdontologoService:29] Iniciando método 'buscar()'
[2021-09-07 22:03:31] [ERROR] [OdontologoService:34] No existe ningun odontologo con ese ID
[2021-09-07 22:03:31] [DEBUG] [OdontologoService:36] Terminó la ejecución del método 'buscar()'
[2021-09-07 22:03:37] [DEBUG] [OdontologoService:29] Iniciando método 'buscar()'
[2021-09-07 22:03:37] [DEBUG] [OdontologoService:36] Terminó la ejecución del método 'buscar()'
[2021-09-07 22:03:43] [DEBUG] [PacienteService:35] Iniciando método 'buscar()'
[2021-09-07 22:03:43] [DEBUG] [DomicilioRepositoryH2:31] Iniciando método 'consultarPorId()'
[2021-09-07 22:03:43] [DEBUG] [DomicilioRepositoryH2:47] Terminó la ejecución del método 'consultarPorId()' con éxito
[2021-09-07 22:03:43] [DEBUG] [PacienteService:42] Terminó la ejecución del método 'buscar()'
[2021-09-07 22:03:56] [DEBUG] [OdontologoService:29] Iniciando método 'buscar()'
[2021-09-07 22:03:56] [DEBUG] [OdontologoService:36] Terminó la ejecución del método 'buscar()'
[2021-09-07 22:03:56] [DEBUG] [OdontologoService:67] Iniciando método 'eliminar()'
[2021-09-07 22:03:56] [DEBUG] [OdontologoService:73] Terminó la ejecución del método 'eliminar()'
[2021-09-07 22:04:03] [DEBUG] [OdontologoService:29] Iniciando método 'buscar()'
[2021-09-07 22:04:03] [DEBUG] [OdontologoService:36] Terminó la ejecución del método 'buscar()'
[2021-09-07 22:04:14] [DEBUG] [OdontologoService:29] Iniciando método 'buscar()'
[2021-09-07 22:04:14] [DEBUG] [OdontologoService:36] Terminó la ejecución del método 'buscar()'
[2021-09-07 22:04:14] [DEBUG] [OdontologoService:67] Iniciando método 'eliminar()'
[2021-09-07 22:04:14] [DEBUG] [OdontologoService:73] Terminó la ejecución del método 'eliminar()'
[2021-09-07 22:06:47] [DEBUG] [OdontologoService:77] Iniciando método 'consultarTodos()'
[2021-09-07 22:06:48] [DEBUG] [OdontologoService:84] Terminó la ejecución del método 'consultarTodos()'
[2021-09-07 22:06:54] [DEBUG] [OdontologoService:29] Iniciando método 'buscar()'
[2021-09-07 22:06:54] [DEBUG] [OdontologoService:36] Terminó la ejecución del método 'buscar()'
[2021-09-07 22:06:54] [DEBUG] [OdontologoService:67] Iniciando método 'eliminar()'
[2021-09-07 22:06:54] [DEBUG] [OdontologoService:73] Terminó la ejecución del método 'eliminar()'
[2021-09-07 22:07:03] [DEBUG] [OdontologoService:29] Iniciando método 'buscar()'
[2021-09-07 22:07:03] [DEBUG] [OdontologoService:36] Terminó la ejecución del método 'buscar()'
[2021-09-07 22:07:05] [DEBUG] [OdontologoService:77] Iniciando método 'consultarTodos()'
[2021-09-07 22:07:05] [DEBUG] [OdontologoService:84] Terminó la ejecución del método 'consultarTodos()'
[2021-09-07 22:07:11] [DEBUG] [OdontologoService:77] Iniciando método 'consultarTodos()'
[2021-09-07 22:07:11] [DEBUG] [OdontologoService:84] Terminó la ejecución del método 'consultarTodos()'
[2021-09-07 22:07:22] [DEBUG] [PacienteService:35] Iniciando método 'buscar()'
[2021-09-07 22:07:22] [ERROR] [PacienteService:40] No existe ningun paciente con ese ID
[2021-09-07 22:07:22] [DEBUG] [PacienteService:42] Terminó la ejecución del método 'buscar()'
[2021-09-07 22:07:24] [DEBUG] [PacienteService:35] Iniciando método 'buscar()'
[2021-09-07 22:07:24] [ERROR] [PacienteService:40] No existe ningun paciente con ese ID
[2021-09-07 22:07:24] [DEBUG] [PacienteService:42] Terminó la ejecución del método 'buscar()'
[2021-09-07 22:07:28] [DEBUG] [PacienteService:84] Iniciando método 'consultarTodos()'
[2021-09-07 22:07:28] [DEBUG] [PacienteService:91] Terminó la ejecución del método 'consultarTodos()'
[2021-09-07 22:07:32] [DEBUG] [OdontologoService:77] Iniciando método 'consultarTodos()'
[2021-09-07 22:07:32] [DEBUG] [OdontologoService:84] Terminó la ejecución del método 'consultarTodos()'
[2021-09-07 22:08:02] [DEBUG] [PacienteService:47] Iniciando método 'crear()'
[2021-09-07 22:08:03] [DEBUG] [DomicilioRepositoryH2:89] Terminó la ejecución del método 'insertarNuevo()' con éxito
[2021-09-07 22:08:03] [DEBUG] [PacienteService:55] Terminó la ejecución del método 'crear()'
[2021-09-07 22:08:10] [DEBUG] [PacienteService:84] Iniciando método 'consultarTodos()'
[2021-09-07 22:08:10] [DEBUG] [DomicilioRepositoryH2:31] Iniciando método 'consultarPorId()'
[2021-09-07 22:08:10] [DEBUG] [DomicilioRepositoryH2:47] Terminó la ejecución del método 'consultarPorId()' con éxito
[2021-09-07 22:08:10] [DEBUG] [PacienteService:91] Terminó la ejecución del método 'consultarTodos()'
[2021-09-07 22:09:05] [DEBUG] [OdontologoService:77] Iniciando método 'consultarTodos()'
[2021-09-07 22:09:05] [DEBUG] [OdontologoService:84] Terminó la ejecución del método 'consultarTodos()'
[2021-09-07 22:09:10] [DEBUG] [OdontologoService:41] Iniciando método 'crear()'
[2021-09-07 22:09:10] [DEBUG] [OdontologoService:48] Terminó la ejecución del método 'crear()'
[2021-09-07 22:09:15] [DEBUG] [OdontologoService:77] Iniciando método 'consultarTodos()'
[2021-09-07 22:09:15] [DEBUG] [OdontologoService:84] Terminó la ejecución del método 'consultarTodos()'
[2021-09-07 22:09:29] [DEBUG] [OdontologoService:41] Iniciando método 'crear()'
[2021-09-07 22:09:29] [DEBUG] [OdontologoService:48] Terminó la ejecución del método 'crear()'
[2021-09-07 22:09:35] [DEBUG] [OdontologoService:77] Iniciando método 'consultarTodos()'
[2021-09-07 22:09:35] [DEBUG] [OdontologoService:84] Terminó la ejecución del método 'consultarTodos()'
[2021-09-07 22:10:27] [DEBUG] [OdontologoService:29] Iniciando método 'buscar()'
[2021-09-07 22:10:27] [DEBUG] [OdontologoService:36] Terminó la ejecución del método 'buscar()'
[2021-09-07 22:10:27] [DEBUG] [OdontologoService:53] Iniciando método 'actualizar()'
[2021-09-07 22:10:27] [DEBUG] [OdontologoService:62] Terminó la ejecución del método 'actualizar()'
[2021-09-07 22:10:32] [DEBUG] [OdontologoService:29] Iniciando método 'buscar()'
[2021-09-07 22:10:32] [DEBUG] [OdontologoService:36] Terminó la ejecución del método 'buscar()'
[2021-09-07 22:10:32] [DEBUG] [OdontologoService:53] Iniciando método 'actualizar()'
[2021-09-07 22:10:32] [DEBUG] [OdontologoService:62] Terminó la ejecución del método 'actualizar()'
[2021-09-07 22:10:40] [DEBUG] [OdontologoService:77] Iniciando método 'consultarTodos()'
[2021-09-07 22:10:40] [DEBUG] [OdontologoService:84] Terminó la ejecución del método 'consultarTodos()'
[2021-09-07 22:13:25] [DEBUG] [TurnoService:82] Iniciando método 'consultarTodos()'
[2021-09-07 22:13:25] [DEBUG] [TurnoService:83] Terminó la ejecución del método 'consultarTodos()'
[2021-09-07 22:14:14] [DEBUG] [PacienteService:47] Iniciando método 'crear()'
[2021-09-07 22:14:14] [DEBUG] [DomicilioRepositoryH2:89] Terminó la ejecución del método 'insertarNuevo()' con éxito
[2021-09-07 22:14:14] [DEBUG] [PacienteService:55] Terminó la ejecución del método 'crear()'
[2021-09-07 22:14:17] [DEBUG] [OdontologoService:41] Iniciando método 'crear()'
[2021-09-07 22:14:17] [DEBUG] [OdontologoService:48] Terminó la ejecución del método 'crear()'
[2021-09-07 22:16:20] [DEBUG] [TurnoService:40] Iniciando método 'crear()'
[2021-09-07 22:16:20] [DEBUG] [TurnoService:24] Iniciando método 'buscar()'
[2021-09-07 22:16:20] [DEBUG] [TurnoService:35] Terminó la ejecución del método 'buscar()'
[2021-09-07 22:16:20] [DEBUG] [TurnoService:53] Terminó la ejecución del método 'crear()'
[2021-09-07 22:16:43] [DEBUG] [PacienteService:84] Iniciando método 'consultarTodos()'
[2021-09-07 22:16:43] [DEBUG] [DomicilioRepositoryH2:31] Iniciando método 'consultarPorId()'
[2021-09-07 22:16:43] [DEBUG] [DomicilioRepositoryH2:47] Terminó la ejecución del método 'consultarPorId()' con éxito
[2021-09-07 22:16:43] [DEBUG] [PacienteService:91] Terminó la ejecución del método 'consultarTodos()'
[2021-09-07 22:19:41] [DEBUG] [PacienteService:47] Iniciando método 'crear()'
[2021-09-07 22:19:41] [DEBUG] [DomicilioRepositoryH2:89] Terminó la ejecución del método 'insertarNuevo()' con éxito
[2021-09-07 22:19:41] [DEBUG] [PacienteService:55] Terminó la ejecución del método 'crear()'
[2021-09-07 22:19:44] [DEBUG] [OdontologoService:41] Iniciando método 'crear()'
[2021-09-07 22:19:44] [DEBUG] [OdontologoService:48] Terminó la ejecución del método 'crear()'
[2021-09-07 22:19:46] [DEBUG] [TurnoService:40] Iniciando método 'crear()'
[2021-09-07 22:19:46] [DEBUG] [PacienteService:35] Iniciando método 'buscar()'
[2021-09-07 22:19:46] [DEBUG] [DomicilioRepositoryH2:31] Iniciando método 'consultarPorId()'
[2021-09-07 22:19:46] [DEBUG] [DomicilioRepositoryH2:47] Terminó la ejecución del método 'consultarPorId()' con éxito
[2021-09-07 22:19:46] [DEBUG] [PacienteService:42] Terminó la ejecución del método 'buscar()'
[2021-09-07 22:19:46] [DEBUG] [OdontologoService:29] Iniciando método 'buscar()'
[2021-09-07 22:19:46] [DEBUG] [OdontologoService:36] Terminó la ejecución del método 'buscar()'
[2021-09-07 22:19:46] [DEBUG] [PacienteService:35] Iniciando método 'buscar()'
[2021-09-07 22:19:46] [DEBUG] [DomicilioRepositoryH2:31] Iniciando método 'consultarPorId()'
[2021-09-07 22:19:46] [DEBUG] [DomicilioRepositoryH2:47] Terminó la ejecución del método 'consultarPorId()' con éxito
[2021-09-07 22:19:46] [DEBUG] [PacienteService:42] Terminó la ejecución del método 'buscar()'
[2021-09-07 22:19:46] [DEBUG] [OdontologoService:29] Iniciando método 'buscar()'
[2021-09-07 22:19:46] [DEBUG] [OdontologoService:36] Terminó la ejecución del método 'buscar()'
[2021-09-07 22:19:46] [DEBUG] [TurnoService:55] Terminó la ejecución del método 'crear()'
[2021-09-08 13:47:31] [DEBUG] [PacienteService:47] Iniciando método 'crear()'
[2021-09-08 13:47:32] [DEBUG] [DomicilioRepositoryH2:89] Terminó la ejecución del método 'insertarNuevo()' con éxito
[2021-09-08 13:47:32] [DEBUG] [PacienteService:55] Terminó la ejecución del método 'crear()'
[2021-09-08 13:47:36] [DEBUG] [OdontologoService:41] Iniciando método 'crear()'
[2021-09-08 13:47:36] [DEBUG] [OdontologoService:48] Terminó la ejecución del método 'crear()'
[2021-09-08 13:47:42] [DEBUG] [TurnoService:40] Iniciando método 'crear()'
[2021-09-08 13:47:42] [DEBUG] [PacienteService:35] Iniciando método 'buscar()'
[2021-09-08 13:47:42] [DEBUG] [DomicilioRepositoryH2:31] Iniciando método 'consultarPorId()'
[2021-09-08 13:47:42] [DEBUG] [DomicilioRepositoryH2:47] Terminó la ejecución del método 'consultarPorId()' con éxito
[2021-09-08 13:47:42] [DEBUG] [PacienteService:42] Terminó la ejecución del método 'buscar()'
[2021-09-08 13:47:42] [DEBUG] [OdontologoService:29] Iniciando método 'buscar()'
[2021-09-08 13:47:42] [DEBUG] [OdontologoService:36] Terminó la ejecución del método 'buscar()'
[2021-09-08 13:47:42] [DEBUG] [PacienteService:35] Iniciando método 'buscar()'
[2021-09-08 13:47:42] [DEBUG] [DomicilioRepositoryH2:31] Iniciando método 'consultarPorId()'
[2021-09-08 13:47:42] [DEBUG] [DomicilioRepositoryH2:47] Terminó la ejecución del método 'consultarPorId()' con éxito
[2021-09-08 13:47:42] [DEBUG] [PacienteService:42] Terminó la ejecución del método 'buscar()'
[2021-09-08 13:47:42] [DEBUG] [OdontologoService:29] Iniciando método 'buscar()'
[2021-09-08 13:47:42] [DEBUG] [OdontologoService:36] Terminó la ejecución del método 'buscar()'
[2021-09-08 13:47:42] [DEBUG] [TurnoService:55] Terminó la ejecución del método 'crear()'
[2021-09-08 13:53:28] [DEBUG] [TurnoService:40] Iniciando método 'crear()'
[2021-09-08 13:53:28] [DEBUG] [PacienteService:35] Iniciando método 'buscar()'
[2021-09-08 13:53:28] [DEBUG] [DomicilioRepositoryH2:31] Iniciando método 'consultarPorId()'
[2021-09-08 13:53:28] [DEBUG] [DomicilioRepositoryH2:47] Terminó la ejecución del método 'consultarPorId()' con éxito
[2021-09-08 13:53:28] [DEBUG] [PacienteService:42] Terminó la ejecución del método 'buscar()'
[2021-09-08 13:53:28] [DEBUG] [OdontologoService:29] Iniciando método 'buscar()'
[2021-09-08 13:53:28] [DEBUG] [OdontologoService:36] Terminó la ejecución del método 'buscar()'
[2021-09-08 13:53:28] [DEBUG] [PacienteService:35] Iniciando método 'buscar()'
[2021-09-08 13:53:28] [DEBUG] [DomicilioRepositoryH2:31] Iniciando método 'consultarPorId()'
[2021-09-08 13:53:28] [DEBUG] [DomicilioRepositoryH2:47] Terminó la ejecución del método 'consultarPorId()' con éxito
[2021-09-08 13:53:28] [DEBUG] [PacienteService:42] Terminó la ejecución del método 'buscar()'
[2021-09-08 13:53:28] [DEBUG] [OdontologoService:29] Iniciando método 'buscar()'
[2021-09-08 13:53:28] [DEBUG] [OdontologoService:36] Terminó la ejecución del método 'buscar()'
[2021-09-08 13:53:28] [DEBUG] [TurnoService:55] Terminó la ejecución del método 'crear()'
[2021-09-08 13:53:35] [DEBUG] [TurnoService:84] Iniciando método 'consultarTodos()'
[2021-09-08 13:53:35] [DEBUG] [TurnoService:85] Terminó la ejecución del método 'consultarTodos()'
[2021-09-08 13:56:43] [DEBUG] [TurnoService:84] Iniciando método 'consultarTodos()'
[2021-09-08 13:56:43] [DEBUG] [TurnoService:85] Terminó la ejecución del método 'consultarTodos()'
[2021-09-08 13:59:39] [DEBUG] [PacienteService:84] Iniciando método 'consultarTodos()'
[2021-09-08 13:59:39] [DEBUG] [DomicilioRepositoryH2:31] Iniciando método 'consultarPorId()'
[2021-09-08 13:59:39] [DEBUG] [DomicilioRepositoryH2:47] Terminó la ejecución del método 'consultarPorId()' con éxito
[2021-09-08 13:59:39] [DEBUG] [PacienteService:91] Terminó la ejecución del método 'consultarTodos()'
[2021-09-08 13:59:53] [DEBUG] [PacienteService:35] Iniciando método 'buscar()'
[2021-09-08 13:59:53] [DEBUG] [DomicilioRepositoryH2:31] Iniciando método 'consultarPorId()'
[2021-09-08 13:59:53] [DEBUG] [DomicilioRepositoryH2:47] Terminó la ejecución del método 'consultarPorId()' con éxito
[2021-09-08 13:59:53] [DEBUG] [PacienteService:42] Terminó la ejecución del método 'buscar()'
[2021-09-08 13:59:53] [DEBUG] [PacienteService:60] Iniciando método 'actualizar()'
[2021-09-08 13:59:53] [DEBUG] [PacienteService:69] Terminó la ejecución del método 'actualizar()'
[2021-09-08 13:59:56] [DEBUG] [PacienteService:84] Iniciando método 'consultarTodos()'
[2021-09-08 13:59:56] [DEBUG] [DomicilioRepositoryH2:31] Iniciando método 'consultarPorId()'
[2021-09-08 13:59:56] [DEBUG] [DomicilioRepositoryH2:47] Terminó la ejecución del método 'consultarPorId()' con éxito
[2021-09-08 13:59:56] [DEBUG] [PacienteService:91] Terminó la ejecución del método 'consultarTodos()'
[2021-09-08 13:59:59] [DEBUG] [PacienteService:84] Iniciando método 'consultarTodos()'
[2021-09-08 13:59:59] [DEBUG] [DomicilioRepositoryH2:31] Iniciando método 'consultarPorId()'
[2021-09-08 13:59:59] [DEBUG] [DomicilioRepositoryH2:47] Terminó la ejecución del método 'consultarPorId()' con éxito
[2021-09-08 13:59:59] [DEBUG] [PacienteService:91] Terminó la ejecución del método 'consultarTodos()'
[2021-09-08 15:01:34] [DEBUG] [PacienteService:47] Iniciando método 'crear()'
[2021-09-08 15:01:34] [DEBUG] [DomicilioRepositoryH2:89] Terminó la ejecución del método 'insertarNuevo()' con éxito
[2021-09-08 15:01:34] [DEBUG] [PacienteService:55] Terminó la ejecución del método 'crear()'
[2021-09-08 15:01:42] [DEBUG] [PacienteService:35] Iniciando método 'buscar()'
[2021-09-08 15:01:42] [DEBUG] [DomicilioRepositoryH2:31] Iniciando método 'consultarPorId()'
[2021-09-08 15:01:42] [DEBUG] [DomicilioRepositoryH2:47] Terminó la ejecución del método 'consultarPorId()' con éxito
[2021-09-08 15:01:42] [DEBUG] [PacienteService:42] Terminó la ejecución del método 'buscar()'
[2021-09-08 15:01:42] [DEBUG] [PacienteService:60] Iniciando método 'actualizar()'
[2021-09-08 15:01:42] [ERROR] [PacienteService:65] Cannot invoke "java.time.LocalDate.getYear()" because "date" is null
[2021-09-08 15:01:42] [DEBUG] [PacienteService:67] Terminó la ejecución del método 'actualizar()'
[2021-09-08 15:01:47] [DEBUG] [PacienteService:82] Iniciando método 'consultarTodos()'
[2021-09-08 15:01:47] [DEBUG] [DomicilioRepositoryH2:31] Iniciando método 'consultarPorId()'
[2021-09-08 15:01:47] [DEBUG] [DomicilioRepositoryH2:47] Terminó la ejecución del método 'consultarPorId()' con éxito
[2021-09-08 15:01:47] [DEBUG] [PacienteService:89] Terminó la ejecución del método 'consultarTodos()'
[2021-09-08 15:01:49] [DEBUG] [PacienteService:82] Iniciando método 'consultarTodos()'
[2021-09-08 15:01:49] [DEBUG] [DomicilioRepositoryH2:31] Iniciando método 'consultarPorId()'
[2021-09-08 15:01:49] [DEBUG] [DomicilioRepositoryH2:47] Terminó la ejecución del método 'consultarPorId()' con éxito
[2021-09-08 15:01:49] [DEBUG] [PacienteService:89] Terminó la ejecución del método 'consultarTodos()'
[2021-09-08 15:04:07] [DEBUG] [PacienteService:35] Iniciando método 'buscar()'
[2021-09-08 15:04:07] [DEBUG] [DomicilioRepositoryH2:31] Iniciando método 'consultarPorId()'
[2021-09-08 15:04:07] [DEBUG] [DomicilioRepositoryH2:47] Terminó la ejecución del método 'consultarPorId()' con éxito
[2021-09-08 15:04:07] [DEBUG] [PacienteService:42] Terminó la ejecución del método 'buscar()'
[2021-09-08 15:04:07] [DEBUG] [PacienteService:60] Iniciando método 'actualizar()'
[2021-09-08 15:04:07] [ERROR] [PacienteService:65] Cannot invoke "java.time.LocalDate.getYear()" because "date" is null
[2021-09-08 15:04:07] [DEBUG] [PacienteService:67] Terminó la ejecución del método 'actualizar()'
[2021-09-08 17:35:02] [DEBUG] [PacienteService:35] Iniciando método 'buscar()'
[2021-09-08 17:35:02] [DEBUG] [DomicilioRepositoryH2:31] Iniciando método 'consultarPorId()'
[2021-09-08 17:35:02] [DEBUG] [DomicilioRepositoryH2:47] Terminó la ejecución del método 'consultarPorId()' con éxito
[2021-09-08 17:35:02] [DEBUG] [PacienteService:42] Terminó la ejecución del método 'buscar()'
[2021-09-08 17:35:02] [DEBUG] [PacienteService:60] Iniciando método 'actualizar()'
[2021-09-08 17:35:02] [ERROR] [PacienteService:65] Cannot invoke "java.time.LocalDate.getYear()" because "date" is null
[2021-09-08 17:35:02] [DEBUG] [PacienteService:67] Terminó la ejecución del método 'actualizar()'
[2021-09-08 17:35:10] [DEBUG] [PacienteService:82] Iniciando método 'consultarTodos()'
[2021-09-08 17:35:10] [DEBUG] [DomicilioRepositoryH2:31] Iniciando método 'consultarPorId()'
[2021-09-08 17:35:10] [DEBUG] [DomicilioRepositoryH2:47] Terminó la ejecución del método 'consultarPorId()' con éxito
[2021-09-08 17:35:10] [DEBUG] [PacienteService:89] Terminó la ejecución del método 'consultarTodos()'
[2021-09-08 17:40:58] [DEBUG] [PacienteService:47] Iniciando método 'crear()'
[2021-09-08 17:40:58] [DEBUG] [DomicilioRepositoryH2:89] Terminó la ejecución del método 'insertarNuevo()' con éxito
[2021-09-08 17:40:58] [DEBUG] [PacienteService:55] Terminó la ejecución del método 'crear()'
[2021-09-08 17:41:19] [DEBUG] [PacienteService:35] Iniciando método 'buscar()'
[2021-09-08 17:41:19] [DEBUG] [DomicilioRepositoryH2:31] Iniciando método 'consultarPorId()'
[2021-09-08 17:41:19] [DEBUG] [DomicilioRepositoryH2:47] Terminó la ejecución del método 'consultarPorId()' con éxito
[2021-09-08 17:41:19] [DEBUG] [PacienteService:42] Terminó la ejecución del método 'buscar()'
[2021-09-08 17:41:19] [DEBUG] [PacienteService:60] Iniciando método 'actualizar()'
[2021-09-08 17:41:19] [ERROR] [PacienteService:65] Cannot invoke "java.time.LocalDate.getYear()" because "date" is null
[2021-09-08 17:41:19] [DEBUG] [PacienteService:67] Terminó la ejecución del método 'actualizar()'
[2021-09-08 17:41:24] [DEBUG] [PacienteService:82] Iniciando método 'consultarTodos()'
[2021-09-08 17:41:24] [DEBUG] [DomicilioRepositoryH2:31] Iniciando método 'consultarPorId()'
[2021-09-08 17:41:24] [DEBUG] [DomicilioRepositoryH2:47] Terminó la ejecución del método 'consultarPorId()' con éxito
[2021-09-08 17:41:24] [DEBUG] [PacienteService:89] Terminó la ejecución del método 'consultarTodos()'
[2021-09-08 17:41:27] [DEBUG] [PacienteService:82] Iniciando método 'consultarTodos()'
[2021-09-08 17:41:27] [DEBUG] [DomicilioRepositoryH2:31] Iniciando método 'consultarPorId()'
[2021-09-08 17:41:27] [DEBUG] [DomicilioRepositoryH2:47] Terminó la ejecución del método 'consultarPorId()' con éxito
[2021-09-08 17:41:27] [DEBUG] [PacienteService:89] Terminó la ejecución del método 'consultarTodos()'
[2021-09-08 17:41:28] [DEBUG] [PacienteService:82] Iniciando método 'consultarTodos()'
[2021-09-08 17:41:28] [DEBUG] [DomicilioRepositoryH2:31] Iniciando método 'consultarPorId()'
[2021-09-08 17:41:28] [DEBUG] [DomicilioRepositoryH2:47] Terminó la ejecución del método 'consultarPorId()' con éxito
[2021-09-08 17:41:28] [DEBUG] [PacienteService:89] Terminó la ejecución del método 'consultarTodos()'
[2021-09-08 17:42:32] [DEBUG] [PacienteService:47] Iniciando método 'crear()'
[2021-09-08 17:42:32] [DEBUG] [DomicilioRepositoryH2:89] Terminó la ejecución del método 'insertarNuevo()' con éxito
[2021-09-08 17:42:32] [DEBUG] [PacienteService:55] Terminó la ejecución del método 'crear()'
[2021-09-08 17:42:35] [DEBUG] [PacienteService:83] Iniciando método 'consultarTodos()'
[2021-09-08 17:42:35] [DEBUG] [DomicilioRepositoryH2:31] Iniciando método 'consultarPorId()'
[2021-09-08 17:42:35] [DEBUG] [DomicilioRepositoryH2:47] Terminó la ejecución del método 'consultarPorId()' con éxito
[2021-09-08 17:42:35] [DEBUG] [PacienteService:90] Terminó la ejecución del método 'consultarTodos()'
[2021-09-08 17:42:55] [DEBUG] [PacienteService:35] Iniciando método 'buscar()'
[2021-09-08 17:42:55] [DEBUG] [DomicilioRepositoryH2:31] Iniciando método 'consultarPorId()'
[2021-09-08 17:42:55] [DEBUG] [DomicilioRepositoryH2:47] Terminó la ejecución del método 'consultarPorId()' con éxito
[2021-09-08 17:42:55] [DEBUG] [PacienteService:42] Terminó la ejecución del método 'buscar()'
[2021-09-08 17:42:55] [DEBUG] [PacienteService:60] Iniciando método 'actualizar()'
[2021-09-08 17:42:55] [ERROR] [PacienteService:65] Cannot invoke "java.time.LocalDate.getYear()" because "date" is null
[2021-09-08 17:42:55] [DEBUG] [PacienteService:67] 
[2021-09-08 17:42:55] [DEBUG] [PacienteService:68] Terminó la ejecución del método 'actualizar()'
[2021-09-08 17:42:58] [DEBUG] [PacienteService:83] Iniciando método 'consultarTodos()'
[2021-09-08 17:42:58] [DEBUG] [DomicilioRepositoryH2:31] Iniciando método 'consultarPorId()'
[2021-09-08 17:42:58] [DEBUG] [DomicilioRepositoryH2:47] Terminó la ejecución del método 'consultarPorId()' con éxito
[2021-09-08 17:42:58] [DEBUG] [PacienteService:90] Terminó la ejecución del método 'consultarTodos()'
[2021-09-08 17:44:40] [DEBUG] [PacienteService:47] Iniciando método 'crear()'
[2021-09-08 17:44:40] [DEBUG] [DomicilioRepositoryH2:89] Terminó la ejecución del método 'insertarNuevo()' con éxito
[2021-09-08 17:44:40] [DEBUG] [PacienteService:55] Terminó la ejecución del método 'crear()'
[2021-09-08 17:44:48] [DEBUG] [PacienteService:83] Iniciando método 'consultarTodos()'
[2021-09-08 17:44:48] [DEBUG] [DomicilioRepositoryH2:31] Iniciando método 'consultarPorId()'
[2021-09-08 17:44:48] [DEBUG] [DomicilioRepositoryH2:47] Terminó la ejecución del método 'consultarPorId()' con éxito
[2021-09-08 17:44:48] [DEBUG] [PacienteService:90] Terminó la ejecución del método 'consultarTodos()'
[2021-09-08 17:45:03] [DEBUG] [PacienteService:35] Iniciando método 'buscar()'
[2021-09-08 17:45:03] [DEBUG] [DomicilioRepositoryH2:31] Iniciando método 'consultarPorId()'
[2021-09-08 17:45:03] [DEBUG] [DomicilioRepositoryH2:47] Terminó la ejecución del método 'consultarPorId()' con éxito
[2021-09-08 17:45:03] [DEBUG] [PacienteService:42] Terminó la ejecución del método 'buscar()'
[2021-09-08 17:45:03] [DEBUG] [PacienteService:60] Iniciando método 'actualizar()'
[2021-09-08 17:45:03] [ERROR] [PacienteService:65] Cannot invoke "java.time.LocalDate.getYear()" because "date" is null
[2021-09-08 17:45:03] [DEBUG] [PacienteService:67] 
[2021-09-08 17:45:03] [DEBUG] [PacienteService:68] Terminó la ejecución del método 'actualizar()'
[2021-09-08 17:45:07] [DEBUG] [PacienteService:83] Iniciando método 'consultarTodos()'
[2021-09-08 17:45:07] [DEBUG] [DomicilioRepositoryH2:31] Iniciando método 'consultarPorId()'
[2021-09-08 17:45:07] [DEBUG] [DomicilioRepositoryH2:47] Terminó la ejecución del método 'consultarPorId()' con éxito
[2021-09-08 17:45:07] [DEBUG] [PacienteService:90] Terminó la ejecución del método 'consultarTodos()'
[2021-09-08 17:48:06] [DEBUG] [PacienteService:47] Iniciando método 'crear()'
[2021-09-08 17:48:06] [DEBUG] [DomicilioRepositoryH2:89] Terminó la ejecución del método 'insertarNuevo()' con éxito
[2021-09-08 17:48:06] [DEBUG] [PacienteService:55] Terminó la ejecución del método 'crear()'
[2021-09-08 17:48:29] [DEBUG] [PacienteService:83] Iniciando método 'consultarTodos()'
[2021-09-08 17:48:29] [DEBUG] [DomicilioRepositoryH2:31] Iniciando método 'consultarPorId()'
[2021-09-08 17:48:29] [DEBUG] [DomicilioRepositoryH2:47] Terminó la ejecución del método 'consultarPorId()' con éxito
[2021-09-08 17:48:29] [DEBUG] [DomicilioRepositoryH2:31] Iniciando método 'consultarPorId()'
[2021-09-08 17:48:29] [DEBUG] [DomicilioRepositoryH2:47] Terminó la ejecución del método 'consultarPorId()' con éxito
[2021-09-08 17:48:29] [DEBUG] [PacienteService:90] Terminó la ejecución del método 'consultarTodos()'
[2021-09-08 17:48:33] [DEBUG] [PacienteService:35] Iniciando método 'buscar()'
[2021-09-08 17:48:33] [DEBUG] [DomicilioRepositoryH2:31] Iniciando método 'consultarPorId()'
[2021-09-08 17:48:33] [DEBUG] [DomicilioRepositoryH2:47] Terminó la ejecución del método 'consultarPorId()' con éxito
[2021-09-08 17:48:33] [DEBUG] [PacienteService:42] Terminó la ejecución del método 'buscar()'
[2021-09-08 17:48:33] [DEBUG] [PacienteService:60] Iniciando método 'actualizar()'
[2021-09-08 17:48:33] [ERROR] [PacienteService:65] Cannot invoke "java.lang.Integer.intValue()" because the return value of "com.valva.proyectointegrador.model.Domicilio.getDomicilioID()" is null
[2021-09-08 17:48:33] [DEBUG] [PacienteService:67] 
[2021-09-08 17:48:33] [DEBUG] [PacienteService:68] Terminó la ejecución del método 'actualizar()'
[2021-09-08 17:48:37] [DEBUG] [PacienteService:83] Iniciando método 'consultarTodos()'
[2021-09-08 17:48:37] [DEBUG] [DomicilioRepositoryH2:31] Iniciando método 'consultarPorId()'
[2021-09-08 17:48:37] [DEBUG] [DomicilioRepositoryH2:47] Terminó la ejecución del método 'consultarPorId()' con éxito
[2021-09-08 17:48:37] [DEBUG] [DomicilioRepositoryH2:31] Iniciando método 'consultarPorId()'
[2021-09-08 17:48:37] [DEBUG] [DomicilioRepositoryH2:47] Terminó la ejecución del método 'consultarPorId()' con éxito
[2021-09-08 17:48:37] [DEBUG] [PacienteService:90] Terminó la ejecución del método 'consultarTodos()'
[2021-09-08 17:48:39] [DEBUG] [PacienteService:83] Iniciando método 'consultarTodos()'
[2021-09-08 17:48:39] [DEBUG] [DomicilioRepositoryH2:31] Iniciando método 'consultarPorId()'
[2021-09-08 17:48:39] [DEBUG] [DomicilioRepositoryH2:47] Terminó la ejecución del método 'consultarPorId()' con éxito
[2021-09-08 17:48:39] [DEBUG] [DomicilioRepositoryH2:31] Iniciando método 'consultarPorId()'
[2021-09-08 17:48:39] [DEBUG] [DomicilioRepositoryH2:47] Terminó la ejecución del método 'consultarPorId()' con éxito
[2021-09-08 17:48:39] [DEBUG] [PacienteService:90] Terminó la ejecución del método 'consultarTodos()'
[2021-09-08 17:48:48] [DEBUG] [PacienteService:35] Iniciando método 'buscar()'
[2021-09-08 17:48:48] [DEBUG] [DomicilioRepositoryH2:31] Iniciando método 'consultarPorId()'
[2021-09-08 17:48:48] [DEBUG] [DomicilioRepositoryH2:47] Terminó la ejecución del método 'consultarPorId()' con éxito
[2021-09-08 17:48:48] [DEBUG] [PacienteService:42] Terminó la ejecución del método 'buscar()'
[2021-09-08 17:48:48] [DEBUG] [PacienteService:60] Iniciando método 'actualizar()'
[2021-09-08 17:48:48] [ERROR] [PacienteService:65] Cannot invoke "java.lang.Integer.intValue()" because the return value of "com.valva.proyectointegrador.model.Domicilio.getDomicilioID()" is null
[2021-09-08 17:48:48] [DEBUG] [PacienteService:67] 
[2021-09-08 17:48:48] [DEBUG] [PacienteService:68] Terminó la ejecución del método 'actualizar()'
[2021-09-08 17:49:09] [DEBUG] [PacienteService:35] Iniciando método 'buscar()'
[2021-09-08 17:49:09] [DEBUG] [DomicilioRepositoryH2:31] Iniciando método 'consultarPorId()'
[2021-09-08 17:49:09] [DEBUG] [DomicilioRepositoryH2:47] Terminó la ejecución del método 'consultarPorId()' con éxito
[2021-09-08 17:49:09] [DEBUG] [PacienteService:42] Terminó la ejecución del método 'buscar()'
[2021-09-08 17:49:09] [DEBUG] [PacienteService:60] Iniciando método 'actualizar()'
[2021-09-08 17:49:09] [ERROR] [PacienteService:65] Cannot invoke "java.lang.Integer.intValue()" because the return value of "com.valva.proyectointegrador.model.Domicilio.getDomicilioID()" is null
[2021-09-08 17:49:09] [DEBUG] [PacienteService:67] 
[2021-09-08 17:49:09] [DEBUG] [PacienteService:68] Terminó la ejecución del método 'actualizar()'
[2021-09-08 17:49:13] [DEBUG] [PacienteService:83] Iniciando método 'consultarTodos()'
[2021-09-08 17:49:13] [DEBUG] [DomicilioRepositoryH2:31] Iniciando método 'consultarPorId()'
[2021-09-08 17:49:13] [DEBUG] [DomicilioRepositoryH2:47] Terminó la ejecución del método 'consultarPorId()' con éxito
[2021-09-08 17:49:13] [DEBUG] [DomicilioRepositoryH2:31] Iniciando método 'consultarPorId()'
[2021-09-08 17:49:13] [DEBUG] [DomicilioRepositoryH2:47] Terminó la ejecución del método 'consultarPorId()' con éxito
[2021-09-08 17:49:13] [DEBUG] [PacienteService:90] Terminó la ejecución del método 'consultarTodos()'
[2021-09-08 17:49:31] [DEBUG] [PacienteService:83] Iniciando método 'consultarTodos()'
[2021-09-08 17:49:31] [DEBUG] [DomicilioRepositoryH2:31] Iniciando método 'consultarPorId()'
[2021-09-08 17:49:31] [DEBUG] [DomicilioRepositoryH2:47] Terminó la ejecución del método 'consultarPorId()' con éxito
[2021-09-08 17:49:31] [DEBUG] [DomicilioRepositoryH2:31] Iniciando método 'consultarPorId()'
[2021-09-08 17:49:31] [DEBUG] [DomicilioRepositoryH2:47] Terminó la ejecución del método 'consultarPorId()' con éxito
[2021-09-08 17:49:31] [DEBUG] [PacienteService:90] Terminó la ejecución del método 'consultarTodos()'
[2021-09-08 17:52:09] [DEBUG] [PacienteService:83] Iniciando método 'consultarTodos()'
[2021-09-08 17:52:09] [DEBUG] [DomicilioRepositoryH2:31] Iniciando método 'consultarPorId()'
[2021-09-08 17:52:09] [DEBUG] [DomicilioRepositoryH2:47] Terminó la ejecución del método 'consultarPorId()' con éxito
[2021-09-08 17:52:09] [DEBUG] [DomicilioRepositoryH2:31] Iniciando método 'consultarPorId()'
[2021-09-08 17:52:09] [DEBUG] [DomicilioRepositoryH2:47] Terminó la ejecución del método 'consultarPorId()' con éxito
[2021-09-08 17:52:09] [DEBUG] [PacienteService:90] Terminó la ejecución del método 'consultarTodos()'
[2021-09-08 17:52:20] [DEBUG] [PacienteService:35] Iniciando método 'buscar()'
[2021-09-08 17:52:20] [DEBUG] [DomicilioRepositoryH2:31] Iniciando método 'consultarPorId()'
[2021-09-08 17:52:20] [DEBUG] [DomicilioRepositoryH2:47] Terminó la ejecución del método 'consultarPorId()' con éxito
[2021-09-08 17:52:20] [DEBUG] [PacienteService:42] Terminó la ejecución del método 'buscar()'
[2021-09-08 17:52:20] [DEBUG] [PacienteService:60] Iniciando método 'actualizar()'
[2021-09-08 17:52:20] [ERROR] [PacienteService:65] Cannot invoke "java.lang.Integer.intValue()" because the return value of "com.valva.proyectointegrador.model.Domicilio.getDomicilioID()" is null
[2021-09-08 17:52:20] [DEBUG] [PacienteService:67] 
[2021-09-08 17:52:20] [DEBUG] [PacienteService:68] Terminó la ejecución del método 'actualizar()'
[2021-09-08 17:52:34] [DEBUG] [PacienteService:47] Iniciando método 'crear()'
[2021-09-08 17:52:34] [DEBUG] [DomicilioRepositoryH2:89] Terminó la ejecución del método 'insertarNuevo()' con éxito
[2021-09-08 17:52:34] [DEBUG] [PacienteService:55] Terminó la ejecución del método 'crear()'
[2021-09-08 17:54:49] [DEBUG] [PacienteService:35] Iniciando método 'buscar()'
[2021-09-08 17:54:49] [DEBUG] [DomicilioRepositoryH2:31] Iniciando método 'consultarPorId()'
[2021-09-08 17:54:49] [DEBUG] [DomicilioRepositoryH2:47] Terminó la ejecución del método 'consultarPorId()' con éxito
[2021-09-08 17:54:49] [DEBUG] [PacienteService:42] Terminó la ejecución del método 'buscar()'
[2021-09-08 17:54:49] [DEBUG] [PacienteService:60] Iniciando método 'actualizar()'
[2021-09-08 17:54:49] [DEBUG] [PacienteService:67] Paciente{pacienteID=2, nombre='Paciente El Pepo', apellido='Pepardisimoo', dni=123456789, fechaIngreso=2021-09-08, domicilio=Domicilio{domicilioID=2, calle='Calle Falsa', numero=123, localidad='Springfield', provincia='Springfield'}}
[2021-09-08 17:54:49] [DEBUG] [PacienteService:68] Terminó la ejecución del método 'actualizar()'
[2021-09-08 17:54:52] [DEBUG] [PacienteService:83] Iniciando método 'consultarTodos()'
[2021-09-08 17:54:52] [DEBUG] [DomicilioRepositoryH2:31] Iniciando método 'consultarPorId()'
[2021-09-08 17:54:52] [DEBUG] [DomicilioRepositoryH2:47] Terminó la ejecución del método 'consultarPorId()' con éxito
[2021-09-08 17:54:52] [DEBUG] [DomicilioRepositoryH2:31] Iniciando método 'consultarPorId()'
[2021-09-08 17:54:52] [DEBUG] [DomicilioRepositoryH2:47] Terminó la ejecución del método 'consultarPorId()' con éxito
[2021-09-08 17:54:52] [DEBUG] [DomicilioRepositoryH2:31] Iniciando método 'consultarPorId()'
[2021-09-08 17:54:52] [DEBUG] [DomicilioRepositoryH2:47] Terminó la ejecución del método 'consultarPorId()' con éxito
[2021-09-08 17:54:52] [DEBUG] [PacienteService:90] Terminó la ejecución del método 'consultarTodos()'
